Copyright 1986-2022 Xilinx, Inc. All Rights Reserved. Copyright 2022-2023 Advanced Micro Devices, Inc. All Rights Reserved.
--------------------------------------------------------------------------------------------------------------------------------------------------------
| Tool Version : Vivado v.2023.2 (win64) Build 4029153 Fri Oct 13 20:14:34 MDT 2023
| Date         : Mon Jul  8 06:51:21 2024
| Host         : laptop-mach running 64-bit major release  (build 9200)
| Command      : report_methodology -file SocTop_methodology_drc_routed.rpt -pb SocTop_methodology_drc_routed.pb -rpx SocTop_methodology_drc_routed.rpx
| Design       : SocTop
| Device       : xc7a200tfbg676-3
| Speed File   : -3
| Design State : Fully Routed
--------------------------------------------------------------------------------------------------------------------------------------------------------

Report Methodology

Table of Contents
-----------------
1. REPORT SUMMARY
2. REPORT DETAILS

1. REPORT SUMMARY
-----------------
            Netlist: netlist
          Floorplan: design_1
      Design limits: <entire design considered>
             Max violations: <unlimited>
             Violations found: 10
+----------+----------+--------------------------------------------------------+------------+
| Rule     | Severity | Description                                            | Violations |
+----------+----------+--------------------------------------------------------+------------+
| SYNTH-10 | Warning  | Wide multiplier                                        | 8          |
| XDCC-1   | Warning  | Scoped Clock constraint overwritten with the same name | 1          |
| XDCC-7   | Warning  | Scoped Clock constraint overwritten on the same source | 1          |
+----------+----------+--------------------------------------------------------+------------+

2. REPORT DETAILS
-----------------
SYNTH-10#1 Warning
Wide multiplier  
Detected multiplier at U_CpuTop/U_Alu/signed_mul of size 15x18, it is decomposed from a wide multipler into 4 DSP blocks.
Related violations: <none>

SYNTH-10#2 Warning
Wide multiplier  
Detected multiplier at U_CpuTop/U_Alu/signed_mul__0 of size 15x15, it is decomposed from a wide multipler into 4 DSP blocks.
Related violations: <none>

SYNTH-10#3 Warning
Wide multiplier  
Detected multiplier at U_CpuTop/U_Alu/signed_mul__1 of size 18x18, it is decomposed from a wide multipler into 4 DSP blocks.
Related violations: <none>

SYNTH-10#4 Warning
Wide multiplier  
Detected multiplier at U_CpuTop/U_Alu/signed_mul__2 of size 18x15, it is decomposed from a wide multipler into 4 DSP blocks.
Related violations: <none>

SYNTH-10#5 Warning
Wide multiplier  
Detected multiplier at U_CpuTop/U_Alu/unsigned_mul of size 16x18, it is decomposed from a wide multipler into 4 DSP blocks.
Related violations: <none>

SYNTH-10#6 Warning
Wide multiplier  
Detected multiplier at U_CpuTop/U_Alu/unsigned_mul__0 of size 16x16, it is decomposed from a wide multipler into 4 DSP blocks.
Related violations: <none>

SYNTH-10#7 Warning
Wide multiplier  
Detected multiplier at U_CpuTop/U_Alu/unsigned_mul__1 of size 18x18, it is decomposed from a wide multipler into 4 DSP blocks.
Related violations: <none>

SYNTH-10#8 Warning
Wide multiplier  
Detected multiplier at U_CpuTop/U_Alu/unsigned_mul__2 of size 18x16, it is decomposed from a wide multipler into 4 DSP blocks.
Related violations: <none>

XDCC-1#1 Warning
Scoped Clock constraint overwritten with the same name  
A new clock constraint create_clock overrides a previous scoped clock constraint with the same name. It is not recommended to override a scoped (typically an IP) clock constraint and could result in unexpected behaviors.
New: create_clock -period 10.000 -name clk -waveform {0.000 5.000} [get_ports clk] (Source: C:/Users/shuij/Documents/Projects/CpuDesign/ResearchClass/ResearchClass.srcs/constrs_1/new/SocTop.xdc (Line: 12))
Previous: create_clock -period 10.000 [get_ports clk] (Source: c:/Users/shuij/Documents/Projects/CpuDesign/ResearchClass/ResearchClass.gen/sources_1/ip/ClkPll/ClkPll.xdc (Line: 53))
Related violations: <none>

XDCC-7#1 Warning
Scoped Clock constraint overwritten on the same source  
A new clock constraint create_clock overrides a previous scoped clock constraint defined on the same source. It is not recommended to override a scoped (typically an IP) clock constraint and could result in unexpected behaviors.
New: create_clock -period 10.000 -name clk -waveform {0.000 5.000} [get_ports clk] (Source: C:/Users/shuij/Documents/Projects/CpuDesign/ResearchClass/ResearchClass.srcs/constrs_1/new/SocTop.xdc (Line: 12))
Previous: create_clock -period 10.000 [get_ports clk] (Source: c:/Users/shuij/Documents/Projects/CpuDesign/ResearchClass/ResearchClass.gen/sources_1/ip/ClkPll/ClkPll.xdc (Line: 53))
Related violations: <none>


